<?xml version="1.0" encoding="UTF-8"?>
<testng-results skipped="0" failed="1" ignored="0" total="2" passed="1">
  <reporter-output>
  </reporter-output>
  <suite name="Default suite" duration-ms="85695" started-at="2018-06-20T17:19:47Z" finished-at="2018-06-20T17:21:13Z">
    <groups>
    </groups>
    <test name="Default test" duration-ms="85695" started-at="2018-06-20T17:19:47Z" finished-at="2018-06-20T17:21:13Z">
      <class name="com.QaAutomatiom.TatocAutomation.TatocMainTest">
        <test-method status="PASS" signature="beforeClass()[pri:0, instance:com.QaAutomatiom.TatocAutomation.TatocMainTest@7c16905e]" name="beforeClass" is-config="true" duration-ms="57942" started-at="2018-06-20T22:49:47Z" finished-at="2018-06-20T22:50:45Z">
          <reporter-output>
          </reporter-output>
        </test-method> <!-- beforeClass -->
        <test-method status="FAIL" signature="CheckBoxColor()[pri:0, instance:com.QaAutomatiom.TatocAutomation.TatocMainTest@7c16905e]" name="CheckBoxColor" duration-ms="169" started-at="2018-06-20T22:50:45Z" finished-at="2018-06-20T22:50:45Z">
          <exception class="org.openqa.selenium.NoSuchFrameException">
            <message>
              <![CDATA[No frame element found by name or id main
Build info: version: '3.12.0', revision: '7c6e0b3', time: '2018-05-08T14:04:26.12Z'
System info: host: 'KRISHNA-PC', ip: '192.168.99.208', os.name: 'Windows 10', os.arch: 'amd64', os.version: '10.0', java.version: '1.8.0_171'
Driver info: driver.version: unknown]]>
            </message>
            <full-stacktrace>
              <![CDATA[org.openqa.selenium.NoSuchFrameException: No frame element found by name or id main
Build info: version: '3.12.0', revision: '7c6e0b3', time: '2018-05-08T14:04:26.12Z'
System info: host: 'KRISHNA-PC', ip: '192.168.99.208', os.name: 'Windows 10', os.arch: 'amd64', os.version: '10.0', java.version: '1.8.0_171'
Driver info: driver.version: unknown
	at org.openqa.selenium.remote.RemoteWebDriver$RemoteTargetLocator.frame(RemoteWebDriver.java:876)
	at com.QaAutomatiom.TatocAutomation.TatocMain.checkRepaintBoxWorking(TatocMain.java:25)
	at com.QaAutomatiom.TatocAutomation.TatocMainTest.CheckBoxColor(TatocMainTest.java:25)
	at sun.reflect.NativeMethodAccessorImpl.invoke0(Native Method)
	at sun.reflect.NativeMethodAccessorImpl.invoke(Unknown Source)
	at sun.reflect.DelegatingMethodAccessorImpl.invoke(Unknown Source)
	at java.lang.reflect.Method.invoke(Unknown Source)
	at org.testng.internal.MethodInvocationHelper.invokeMethod(MethodInvocationHelper.java:104)
	at org.testng.internal.Invoker.invokeMethod(Invoker.java:645)
	at org.testng.internal.Invoker.invokeTestMethod(Invoker.java:851)
	at org.testng.internal.Invoker.invokeTestMethods(Invoker.java:1177)
	at org.testng.internal.TestMethodWorker.invokeTestMethods(TestMethodWorker.java:129)
	at org.testng.internal.TestMethodWorker.run(TestMethodWorker.java:112)
	at org.testng.TestRunner.privateRun(TestRunner.java:756)
	at org.testng.TestRunner.run(TestRunner.java:610)
	at org.testng.SuiteRunner.runTest(SuiteRunner.java:387)
	at org.testng.SuiteRunner.runSequentially(SuiteRunner.java:382)
	at org.testng.SuiteRunner.privateRun(SuiteRunner.java:340)
	at org.testng.SuiteRunner.run(SuiteRunner.java:289)
	at org.testng.SuiteRunnerWorker.runSuite(SuiteRunnerWorker.java:52)
	at org.testng.SuiteRunnerWorker.run(SuiteRunnerWorker.java:86)
	at org.testng.TestNG.runSuitesSequentially(TestNG.java:1293)
	at org.testng.TestNG.runSuitesLocally(TestNG.java:1218)
	at org.testng.TestNG.runSuites(TestNG.java:1133)
	at org.testng.TestNG.run(TestNG.java:1104)
	at org.testng.remote.AbstractRemoteTestNG.run(AbstractRemoteTestNG.java:114)
	at org.testng.remote.RemoteTestNG.initAndRun(RemoteTestNG.java:251)
	at org.testng.remote.RemoteTestNG.main(RemoteTestNG.java:77)
]]>
            </full-stacktrace>
          </exception> <!-- org.openqa.selenium.NoSuchFrameException -->
          <reporter-output>
          </reporter-output>
        </test-method> <!-- CheckBoxColor -->
        <test-method status="PASS" signature="launchBrowser()[pri:0, instance:com.QaAutomatiom.TatocAutomation.TatocMainTest@7c16905e]" name="launchBrowser" duration-ms="26824" started-at="2018-06-20T22:50:45Z" finished-at="2018-06-20T22:51:12Z">
          <reporter-output>
          </reporter-output>
        </test-method> <!-- launchBrowser -->
        <test-method status="PASS" signature="afterClass()[pri:0, instance:com.QaAutomatiom.TatocAutomation.TatocMainTest@7c16905e]" name="afterClass" is-config="true" duration-ms="720" started-at="2018-06-20T22:51:12Z" finished-at="2018-06-20T22:51:13Z">
          <reporter-output>
          </reporter-output>
        </test-method> <!-- afterClass -->
      </class> <!-- com.QaAutomatiom.TatocAutomation.TatocMainTest -->
    </test> <!-- Default test -->
  </suite> <!-- Default suite -->
</testng-results>
