<?xml version="1.0" encoding="UTF-8"?>
<testng-results skipped="0" failed="0" ignored="0" total="5" passed="5">
  <reporter-output>
  </reporter-output>
  <suite name="Default suite" duration-ms="17839" started-at="2018-06-25T08:01:18Z" finished-at="2018-06-25T08:01:36Z">
    <groups>
    </groups>
    <test name="Default test" duration-ms="17839" started-at="2018-06-25T08:01:18Z" finished-at="2018-06-25T08:01:36Z">
      <class name="com.QaAutomatiom.TatocAutomation.TatocMainTest">
        <test-method status="PASS" signature="beforeClass()[pri:0, instance:com.QaAutomatiom.TatocAutomation.TatocMainTest@120ebad]" name="beforeClass" is-config="true" duration-ms="12704" started-at="2018-06-25T13:31:18Z" finished-at="2018-06-25T13:31:31Z">
          <reporter-output>
          </reporter-output>
        </test-method> <!-- beforeClass -->
        <test-method status="PASS" signature="launchBrowser()[pri:0, instance:com.QaAutomatiom.TatocAutomation.TatocMainTest@120ebad]" name="launchBrowser" duration-ms="398" started-at="2018-06-25T13:31:31Z" finished-at="2018-06-25T13:31:32Z">
          <reporter-output>
          </reporter-output>
        </test-method> <!-- launchBrowser -->
        <test-method status="PASS" signature="CheckBoxColor()[pri:1, instance:com.QaAutomatiom.TatocAutomation.TatocMainTest@120ebad]" name="CheckBoxColor" duration-ms="1272" started-at="2018-06-25T13:31:32Z" finished-at="2018-06-25T13:31:33Z">
          <reporter-output>
          </reporter-output>
        </test-method> <!-- CheckBoxColor -->
        <test-method status="PASS" signature="dragDropTest()[pri:2, instance:com.QaAutomatiom.TatocAutomation.TatocMainTest@120ebad]" name="dragDropTest" duration-ms="627" started-at="2018-06-25T13:31:33Z" finished-at="2018-06-25T13:31:33Z">
          <reporter-output>
          </reporter-output>
        </test-method> <!-- dragDropTest -->
        <test-method status="PASS" signature="windowPopUpTest()[pri:3, instance:com.QaAutomatiom.TatocAutomation.TatocMainTest@120ebad]" name="windowPopUpTest" duration-ms="1655" started-at="2018-06-25T13:31:33Z" finished-at="2018-06-25T13:31:35Z">
          <reporter-output>
          </reporter-output>
        </test-method> <!-- windowPopUpTest -->
        <test-method status="PASS" signature="cookieTest()[pri:4, instance:com.QaAutomatiom.TatocAutomation.TatocMainTest@120ebad]" name="cookieTest" duration-ms="339" started-at="2018-06-25T13:31:35Z" finished-at="2018-06-25T13:31:35Z">
          <reporter-output>
          </reporter-output>
        </test-method> <!-- cookieTest -->
        <test-method status="PASS" signature="afterClass()[pri:0, instance:com.QaAutomatiom.TatocAutomation.TatocMainTest@120ebad]" name="afterClass" is-config="true" duration-ms="793" started-at="2018-06-25T13:31:35Z" finished-at="2018-06-25T13:31:36Z">
          <reporter-output>
          </reporter-output>
        </test-method> <!-- afterClass -->
      </class> <!-- com.QaAutomatiom.TatocAutomation.TatocMainTest -->
    </test> <!-- Default test -->
  </suite> <!-- Default suite -->
</testng-results>
