<?xml version="1.0" encoding="UTF-8"?>
<!-- Generated by org.testng.reporters.JUnitXMLReporter -->
<testsuite hostname="HPDA0192" ignored="0" name="Default test" tests="5" failures="0" timestamp="25 Jun 2018 08:01:36 GMT" time="17.839" errors="0">
  <testcase name="launchBrowser" time="0.398" classname="com.QaAutomatiom.TatocAutomation.TatocMainTest"/>
  <testcase name="CheckBoxColor" time="1.272" classname="com.QaAutomatiom.TatocAutomation.TatocMainTest"/>
  <testcase name="dragDropTest" time="0.627" classname="com.QaAutomatiom.TatocAutomation.TatocMainTest"/>
  <testcase name="windowPopUpTest" time="1.655" classname="com.QaAutomatiom.TatocAutomation.TatocMainTest"/>
  <testcase name="cookieTest" time="0.339" classname="com.QaAutomatiom.TatocAutomation.TatocMainTest"/>
</testsuite> <!-- Default test -->
